<?xml version="1.0" encoding="UTF-8"?>
<testsuite name="Chaldal" tests="4" skipped="0" failures="0" errors="0" timestamp="2023-04-29T07:45:03" hostname="DESKTOP-KCCH660" time="47.956">
  <properties/>
  <testcase name="searchProduct[0](Eggs, 135.0, 123.0)" classname="Chaldal" time="9.045"/>
  <testcase name="searchProduct[1](Milk, 90.0, 234.0)" classname="Chaldal" time="7.275"/>
  <testcase name="searchProduct[2](Rice, 65.0, 345.0)" classname="Chaldal" time="10.529"/>
  <testcase name="searchProduct[3](Oil, 187.0, 456.0)" classname="Chaldal" time="21.103"/>
  <system-out><![CDATA[row5
cell number3
Eggs
135.0
123.0
Milk
90.0
234.0
Rice
65.0
345.0
Oil
187.0
456.0
Eggs
135.0
123.0
Milk
90.0
234.0
Rice
65.0
345.0
Oil
187.0
456.0
]]></system-out>
  <system-err><![CDATA[SLF4J: Failed to load class "org.slf4j.impl.StaticLoggerBinder".
SLF4J: Defaulting to no-operation (NOP) logger implementation
SLF4J: See http://www.slf4j.org/codes.html#StaticLoggerBinder for further details.
Starting ChromeDriver 112.0.5615.49 (bd2a7bcb881c11e8cfe3078709382934e3916914-refs/branch-heads/5615@{#936}) on port 29550
Only local connections are allowed.
Please see https://chromedriver.chromium.org/security-considerations for suggestions on keeping ChromeDriver safe.
ChromeDriver was started successfully.
Apr 29, 2023 1:45:05 PM org.openqa.selenium.remote.ProtocolHandshake createSession
INFO: Detected dialect: W3C
Starting ChromeDriver 112.0.5615.49 (bd2a7bcb881c11e8cfe3078709382934e3916914-refs/branch-heads/5615@{#936}) on port 37987
Only local connections are allowed.
Please see https://chromedriver.chromium.org/security-considerations for suggestions on keeping ChromeDriver safe.
ChromeDriver was started successfully.
Apr 29, 2023 1:45:14 PM org.openqa.selenium.remote.ProtocolHandshake createSession
INFO: Detected dialect: W3C
Starting ChromeDriver 112.0.5615.49 (bd2a7bcb881c11e8cfe3078709382934e3916914-refs/branch-heads/5615@{#936}) on port 29413
Only local connections are allowed.
Please see https://chromedriver.chromium.org/security-considerations for suggestions on keeping ChromeDriver safe.
ChromeDriver was started successfully.
Apr 29, 2023 1:45:21 PM org.openqa.selenium.remote.ProtocolHandshake createSession
INFO: Detected dialect: W3C
Starting ChromeDriver 112.0.5615.49 (bd2a7bcb881c11e8cfe3078709382934e3916914-refs/branch-heads/5615@{#936}) on port 28833
Only local connections are allowed.
Please see https://chromedriver.chromium.org/security-considerations for suggestions on keeping ChromeDriver safe.
ChromeDriver was started successfully.
Apr 29, 2023 1:45:32 PM org.openqa.selenium.remote.ProtocolHandshake createSession
INFO: Detected dialect: W3C
]]></system-err>
</testsuite>
