<?xml version="1.0" encoding="UTF-8"?>
<!-- Generated by org.testng.reporters.JUnitReportReporter -->
<testsuite skipped="0" hostname="DESKTOP-KCCH660" name="Chaldal" tests="4" failures="0" timestamp="29 Apr 2023 07:45:51 GMT" time="47.952" errors="0">
  <testcase name="searchProduct" time="21.103" classname="Chaldal"/>
  <testcase name="searchProduct" time="7.275" classname="Chaldal"/>
  <testcase name="searchProduct" time="9.045" classname="Chaldal"/>
  <testcase name="searchProduct" time="10.529" classname="Chaldal"/>
</testsuite> <!-- Chaldal -->
